----------

Mon Aug 30 2021 16:09:24 GMT-0400 (Eastern Daylight Time)

Script /Users/luke/OneDrive/OneDrive - Florida Institute of Technology/SeniorProj/export.sh couldn't be run

----------

Mon Aug 30 2021 16:16:27 GMT-0400 (Eastern Daylight Time)

Script /Users/luke/OneDrive/OneDrive - Florida Institute of Technology/SeniorProj/export.sh couldn't be run

----------

Mon Aug 30 2021 16:17:20 GMT-0400 (Eastern Daylight Time)

remote: This repository moved. Please use the new location:        
remote:   https://github.com/Lukejb14/thor.git        


----------

Mon Aug 30 2021 16:17:21 GMT-0400 (Eastern Daylight Time)

To https://github.com/lukejb14/thor.git
   fae4eac..ec7ad7c  main -> main


----------

Mon Aug 30 2021 16:32:10 GMT-0400 (Eastern Daylight Time)

remote: This repository moved. Please use the new location:        
remote:   https://github.com/Lukejb14/thor.git        


----------

Mon Aug 30 2021 16:32:10 GMT-0400 (Eastern Daylight Time)

To https://github.com/lukejb14/thor.git
   ec7ad7c..6fc784d  main -> main


----------

Mon Aug 30 2021 16:37:03 GMT-0400 (Eastern Daylight Time)

remote: This repository moved. Please use the new location:        
remote:   https://github.com/Lukejb14/thor.git        


----------

Mon Aug 30 2021 16:37:03 GMT-0400 (Eastern Daylight Time)

To https://github.com/lukejb14/thor.git
   6fc784d..5b45bc9  main -> main


----------

Mon Aug 30 2021 16:40:51 GMT-0400 (Eastern Daylight Time)

remote: This repository moved. Please use the new location:        
remote:   https://github.com/Lukejb14/thor.git        


----------

Mon Aug 30 2021 16:40:51 GMT-0400 (Eastern Daylight Time)

To https://github.com/lukejb14/thor.git
   5b45bc9..3408210  main -> main


----------

Mon Aug 30 2021 16:59:19 GMT-0400 (Eastern Daylight Time)

remote: This repository moved. Please use the new location:        
remote:   https://github.com/Lukejb14/thor.git        


----------

Mon Aug 30 2021 16:59:20 GMT-0400 (Eastern Daylight Time)

To https://github.com/lukejb14/thor.git
   3408210..8fd5eaa  main -> main


----------

Mon Aug 30 2021 17:01:05 GMT-0400 (Eastern Daylight Time)

remote: This repository moved. Please use the new location:        
remote:   https://github.com/Lukejb14/thor.git        


----------

Mon Aug 30 2021 17:01:05 GMT-0400 (Eastern Daylight Time)

To https://github.com/lukejb14/thor.git
   8fd5eaa..75829d8  main -> main


----------

Mon Aug 30 2021 17:01:39 GMT-0400 (Eastern Daylight Time)

remote: This repository moved. Please use the new location:        
remote:   https://github.com/Lukejb14/thor.git        


----------

Mon Aug 30 2021 17:01:39 GMT-0400 (Eastern Daylight Time)

To https://github.com/lukejb14/thor.git
   75829d8..f26d10d  main -> main


